15:53:02.642741 git.c:463               trace: built-in: git push -u origin docs
15:53:02.642974 run-command.c:659       trace: run_command: unset GIT_PREFIX; ssh git@github.com 'git-receive-pack '\''hujinda-art/Riscv-project.git'\'''
15:53:07.169765 run-command.c:659       trace: run_command: .git/hooks/pre-push origin git@github.com:hujinda-art/Riscv-project.git
15:53:07.172592 git.c:749               trace: exec: git-lfs pre-push origin git@github.com:hujinda-art/Riscv-project.git
15:53:07.172638 run-command.c:659       trace: run_command: git-lfs pre-push origin git@github.com:hujinda-art/Riscv-project.git
15:53:07.175366 trace git-lfs: exec: git 'version'
15:53:07.176518 trace git-lfs: exec: git '-c' 'filter.lfs.smudge=' '-c' 'filter.lfs.clean=' '-c' 'filter.lfs.process=' '-c' 'filter.lfs.required=false' 'remote' '-v'
15:53:07.178324 trace git-lfs: exec: git '-c' 'filter.lfs.smudge=' '-c' 'filter.lfs.clean=' '-c' 'filter.lfs.process=' '-c' 'filter.lfs.required=false' 'remote'
15:53:07.180077 trace git-lfs: exec: git '-c' 'filter.lfs.smudge=' '-c' 'filter.lfs.clean=' '-c' 'filter.lfs.process=' '-c' 'filter.lfs.required=false' 'rev-parse' 'HEAD' '--symbolic-full-name' 'HEAD'
15:53:07.180973 trace git-lfs: exec: git '-c' 'filter.lfs.smudge=' '-c' 'filter.lfs.clean=' '-c' 'filter.lfs.process=' '-c' 'filter.lfs.required=false' 'rev-parse' '--git-dir' '--show-toplevel'
15:53:07.182026 trace git-lfs: exec: git 'config' '--includes' '-l'
15:53:07.183246 trace git-lfs: exec: git 'rev-parse' '--is-bare-repository'
15:53:07.184048 trace git-lfs: exec: git 'config' '--includes' '-l' '--blob' ':.lfsconfig'
15:53:07.185849 trace git-lfs: exec: git 'config' '--includes' '-l' '--blob' 'HEAD:.lfsconfig'
15:53:07.186861 trace git-lfs: attempting pure SSH protocol connection
15:53:07.186873 trace git-lfs: spawning pure SSH connection
15:53:07.186890 trace git-lfs: run_command: sh -c ssh '-oControlMaster=auto' '-oControlPath=/run/user/1000/git-lfs/sock-%C' git@github.com 'git-lfs-transfer hujinda-art/Riscv-project.git upload'
15:53:07.186925 trace git-lfs: exec: sh '-c' 'ssh '-oControlMaster=auto' '-oControlPath=/run/user/1000/git-lfs/sock-%C' git@github.com 'git-lfs-transfer hujinda-art/Riscv-project.git upload''
15:53:10.485415 trace git-lfs: pure SSH connection successful
15:53:10.485433 trace git-lfs: pure SSH protocol connection failed: Unable to negotiate version with remote side (unable to read capabilities): EOF
15:53:10.485596 trace git-lfs: pre-push: refs/heads/docs fbdfa631ac7d2b99eafee72ba0ff6e1f15494f63 refs/heads/docs 0000000000000000000000000000000000000000
15:53:10.485645 trace git-lfs: exec: git '-c' 'filter.lfs.smudge=' '-c' 'filter.lfs.clean=' '-c' 'filter.lfs.process=' '-c' 'filter.lfs.required=false' 'show-ref'
15:53:10.486754 trace git-lfs: exec: git '-c' 'filter.lfs.smudge=' '-c' 'filter.lfs.clean=' '-c' 'filter.lfs.process=' '-c' 'filter.lfs.required=false' 'ls-remote' '--heads' '--tags' '-q' 'origin'
15:53:16.154182 trace git-lfs: tq: running as batched queue, batch size of 100
15:53:16.154307 trace git-lfs: run_command: git rev-list --objects --ignore-missing --stdin --
15:53:16.154328 trace git-lfs: exec: git '-c' 'filter.lfs.smudge=' '-c' 'filter.lfs.clean=' '-c' 'filter.lfs.process=' '-c' 'filter.lfs.required=false' 'rev-list' '--objects' '--ignore-missing' '--stdin' '--'
15:53:16.154701 trace git-lfs: exec: git '-c' 'filter.lfs.smudge=' '-c' 'filter.lfs.clean=' '-c' 'filter.lfs.process=' '-c' 'filter.lfs.required=false' 'cat-file' '--batch-check'
15:53:16.155098 trace git-lfs: exec: git '-c' 'filter.lfs.smudge=' '-c' 'filter.lfs.clean=' '-c' 'filter.lfs.process=' '-c' 'filter.lfs.required=false' 'rev-parse' '--git-common-dir'
15:53:16.157446 trace git-lfs: tq: sending batch of size 2
15:53:16.157543 trace git-lfs: run_command: sh -c ssh git@github.com 'git-lfs-authenticate hujinda-art/Riscv-project.git upload'
15:53:16.157576 trace git-lfs: exec: sh '-c' 'ssh git@github.com 'git-lfs-authenticate hujinda-art/Riscv-project.git upload''
15:53:20.087998 trace git-lfs: api: batch 2 files
15:53:20.088375 trace git-lfs: HTTP: POST https://lfs.github.com/hujinda-art/Riscv-project/objects/batch
> POST /hujinda-art/Riscv-project/objects/batch HTTP/1.1
> Host: lfs.github.com
> Accept: application/vnd.git-lfs+json
> Authorization: RemoteAuth gitauth-v1-hLCxwBbF3PYV5ZPAgPgUItjOLmzBoFPF28TlKh0hkpLPZtIET5LOaa7Qz4KmbWVtYmVyunVzZXI6MjMzOTYxNTc5Omh1amluZGEtYXJ0pXByb3Rvo3NzaA
> Content-Length: 321
> Content-Type: application/vnd.git-lfs+json; charset=utf-8
> User-Agent: git-lfs/3.4.1 (GitHub; linux amd64; go 1.22.2)
> 
{"operation":"upload","objects":[{"oid":"594a675d5b4b5a8f2212d091b2f7541b53a0428692b59fc80f23706f523ba98e","size":316526467},{"oid":"aba541741eb0148bb5c714767fff51461dcf5c7467a797a274190417a0119605","size":71446462}],"transfers":["basic","ssh","lfs-standalone-file"],"ref":{"name":"refs/heads/docs"},"hash_algo":"sha256"}15:53:21.568020 trace git-lfs: http: decompressed gzipped response
15:53:21.568057 trace git-lfs: HTTP: 200


< HTTP/2.0 200 OK
< Access-Control-Allow-Origin: *
< Access-Control-Expose-Headers: ETag, Link, Location, Retry-After, X-GitHub-OTP, X-RateLimit-Limit, X-RateLimit-Remaining, X-RateLimit-Used, X-RateLimit-Resource, X-RateLimit-Reset, X-OAuth-Scopes, X-Accepted-OAuth-Scopes, X-Poll-Interval, X-GitHub-Media-Type, X-GitHub-SSO, X-GitHub-Request-Id, Deprecation, Sunset
< Cache-Control: private, max-age=60, s-maxage=60
< Content-Security-Policy: default-src 'none'
< Content-Type: application/json; charset=utf-8
< Date: Mon, 09 Mar 2026 07:53:21 GMT
< Etag: W/"bc7807856856f79bff657f6b921e0d22d78e9c797025038e9e1d0b29ff19308b"
< Referrer-Policy: origin-when-cross-origin, strict-origin-when-cross-origin
< Server: github.com
< Strict-Transport-Security: max-age=31536000; includeSubdomains; preload
< Vary: Accept, Authorization, Cookie, X-GitHub-OTP,Accept-Encoding, Accept, X-Requested-With
< X-Content-Type-Options: nosniff
< X-Frame-Options: deny
< X-Github-Api-Version-Selected: 2022-11-28
< X-Github-Media-Type: unknown
< X-Github-Request-Id: 2788:26FAAA:25D2726:2B7F0D2:69AE7C70
< X-Ratelimit-Limit: 3000
< X-Ratelimit-Remaining: 2999
< X-Ratelimit-Reset: 1773042861
< X-Ratelimit-Resource: lfs
< X-Ratelimit-Used: 1
< X-Xss-Protection: 0
< 
15:53:21.568251 trace git-lfs: HTTP: {"objects":[{"oid":"594a675d5b4b5a8f2212d091b2f7541b53a0428692b59fc80f23706f523ba98e","size":316526467,"actions":{"upload":{"href":"https://github-cloud.s3.amazonaws.com/alambic/media/1051057447/59/4a/594a675d5b4b5a8f2212d091b2f7541b53a0428692b59fc80f23706f523ba98e?actor_id=233961579&key_id=0&repo_id=1175216150","header":{"Authorization":"AWS4-HMAC-SHA256 Credential=AKIA5BA2674WPWWEFGQ5/20260309/us-east-1/s3/aws4_request,SignedHeaders=host;x-amz-content-sha256;x-amz-date,Signature=2c95d3aefcbe830fa27cd95c5c
{"objects":[{"oid":"594a675d5b4b5a8f2212d091b2f7541b53a0428692b59fc80f23706f523ba98e","size":316526467,"actions":{"upload":{"href":"https://github-cloud.s3.amazonaws.com/alambic/media/1051057447/59/4a/594a675d5b4b5a8f2212d091b2f7541b53a0428692b59fc80f23706f523ba98e?actor_id=233961579&key_id=0&repo_id=1175216150","header":{"Authorization":"AWS4-HMAC-SHA256 Credential=AKIA5BA2674WPWWEFGQ5/20260309/us-east-1/s3/aws4_request,SignedHeaders=host;x-amz-content-sha256;x-amz-date,Signature=2c95d3aefcbe830fa27cd95c5c15:53:21.568280 trace git-lfs: HTTP: 5be40f56dba9d70d312e09fdcb322dbba66dba","x-amz-content-sha256":"594a675d5b4b5a8f2212d091b2f7541b53a0428692b59fc80f23706f523ba98e","x-amz-date":"20260309T075321Z"},"expires_at":"2026-03-09T08:08:21Z","expires_in":900},"verify":{"href":"https://lfs.github.com/hujinda-art/Riscv-project/objects/594a675d5b4b5a8f2212d091b2f7541b53a0428692b59fc80f23706f523ba98e/verify","header":{"Authorization":"RemoteAuth gitauth-v1-hLCxwBZdi_f3jrko333sd9kmV-mRZA-3hj7t3E3m2PDF_6DXPpLOaa_N8YKmbWVtYmVyunVzZXI6MjMzOTYxNTc5Omh1amluZGEtYXJ0pXByb3Rvo3NzaA","Accept":"application/vnd.git-lfs+json"}}}},{"oid":"aba541741eb0148bb5c714767fff51461dcf5c7467a797a274190417a0119605","size":71446462,"actions":{"upload":{"href":"https://github-cloud.s3.amazonaws.com/alambic/media/1051057447/ab/a5/aba541741eb0148bb5c714767fff51461dcf5c7467a797a274190417a0119605?actor_id=233961579&key_id=0&repo_id=1175216150","header":{"Authorization":"AWS4-HMAC-SHA256 Credential=AKIA5BA2674WPWWEFGQ5/20260309/us-east-1/s3/aws4_request,SignedHeaders=host;x-amz-content-s
5be40f56dba9d70d312e09fdcb322dbba66dba","x-amz-content-sha256":"594a675d5b4b5a8f2212d091b2f7541b53a0428692b59fc80f23706f523ba98e","x-amz-date":"20260309T075321Z"},"expires_at":"2026-03-09T08:08:21Z","expires_in":900},"verify":{"href":"https://lfs.github.com/hujinda-art/Riscv-project/objects/594a675d5b4b5a8f2212d091b2f7541b53a0428692b59fc80f23706f523ba98e/verify","header":{"Authorization":"RemoteAuth gitauth-v1-hLCxwBZdi_f3jrko333sd9kmV-mRZA-3hj7t3E3m2PDF_6DXPpLOaa_N8YKmbWVtYmVyunVzZXI6MjMzOTYxNTc5Omh1amluZGEtYXJ0pXByb3Rvo3NzaA","Accept":"application/vnd.git-lfs+json"}}}},{"oid":"aba541741eb0148bb5c714767fff51461dcf5c7467a797a274190417a0119605","size":71446462,"actions":{"upload":{"href":"https://github-cloud.s3.amazonaws.com/alambic/media/1051057447/ab/a5/aba541741eb0148bb5c714767fff51461dcf5c7467a797a274190417a0119605?actor_id=233961579&key_id=0&repo_id=1175216150","header":{"Authorization":"AWS4-HMAC-SHA256 Credential=AKIA5BA2674WPWWEFGQ5/20260309/us-east-1/s3/aws4_request,SignedHeaders=host;x-amz-content-s15:53:21.568289 trace git-lfs: HTTP: ha256;x-amz-date,Signature=4d9aa071030aaa22fabafc49d978494691c9dc4c369b5258f582d49143078b82","x-amz-content-sha256":"aba541741eb0148bb5c714767fff51461dcf5c7467a797a274190417a0119605","x-amz-date":"20260309T075321Z"},"expires_at":"2026-03-09T08:08:21Z","expires_in":900},"verify":{"href":"https://lfs.github.com/hujinda-art/Riscv-project/objects/aba541741eb0148bb5c714767fff51461dcf5c7467a797a274190417a0119605/verify","header":{"Authorization":"RemoteAuth gitauth-v1-hLCxwBakIVAtepbtUzXZZX1tQzxciODIM5J4Zovrmf7MMP2oApLOaa_N8YKmbWVtYmVyunVzZXI6MjMzOTYxNTc5Omh1amluZGEtYXJ0pXByb3Rvo3NzaA","Accept":"application/vnd.git-lfs+json"}}}}]}
ha256;x-amz-date,Signature=4d9aa071030aaa22fabafc49d978494691c9dc4c369b5258f582d49143078b82","x-amz-content-sha256":"aba541741eb0148bb5c714767fff51461dcf5c7467a797a274190417a0119605","x-amz-date":"20260309T075321Z"},"expires_at":"2026-03-09T08:08:21Z","expires_in":900},"verify":{"href":"https://lfs.github.com/hujinda-art/Riscv-project/objects/aba541741eb0148bb5c714767fff51461dcf5c7467a797a274190417a0119605/verify","header":{"Authorization":"RemoteAuth gitauth-v1-hLCxwBakIVAtepbtUzXZZX1tQzxciODIM5J4Zovrmf7MMP2oApLOaa_N8YKmbWVtYmVyunVzZXI6MjMzOTYxNTc5Omh1amluZGEtYXJ0pXByb3Rvo3NzaA","Accept":"application/vnd.git-lfs+json"}}}}]}15:53:21.568411 trace git-lfs: tq: starting transfer adapter "basic"
15:53:21.568420 trace git-lfs: xfer: adapter "basic" Begin() with 8 workers
15:53:21.568444 trace git-lfs: xfer: adapter "basic" started
15:53:21.568481 trace git-lfs: xfer: adapter "basic" worker 4 starting
15:53:21.568490 trace git-lfs: xfer: adapter "basic" worker 4 waiting for Auth
15:53:21.568499 trace git-lfs: xfer: adapter "basic" worker 7 starting
15:53:21.568504 trace git-lfs: xfer: adapter "basic" worker 7 waiting for Auth
15:53:21.568506 trace git-lfs: xfer: adapter "basic" worker 5 starting
15:53:21.568509 trace git-lfs: xfer: adapter "basic" worker 5 waiting for Auth
15:53:21.568479 trace git-lfs: xfer: adapter "basic" worker 3 starting
15:53:21.568514 trace git-lfs: xfer: adapter "basic" worker 3 waiting for Auth
15:53:21.568519 trace git-lfs: xfer: adapter "basic" worker 1 starting
15:53:21.568520 trace git-lfs: xfer: adapter "basic" worker 1 waiting for Auth
15:53:21.568518 trace git-lfs: xfer: adapter "basic" worker 2 starting
15:53:21.568522 trace git-lfs: xfer: adapter "basic" worker 2 waiting for Auth
15:53:21.568522 trace git-lfs: xfer: adapter "basic" worker 0 starting
15:53:21.568529 trace git-lfs: xfer: adapter "basic" worker 0 processing job for "594a675d5b4b5a8f2212d091b2f7541b53a0428692b59fc80f23706f523ba98e"
15:53:21.568512 trace git-lfs: xfer: adapter "basic" worker 6 starting
15:53:21.568544 trace git-lfs: xfer: adapter "basic" worker 6 waiting for Auth
15:53:21.568862 trace git-lfs: HTTP: PUT https://github-cloud.s3.amazonaws.com/alambic/media/1051057447/59/4a/594a675d5b4b5a8f2212d091b2f7541b53a0428692b59fc80f23706f523ba98e
> PUT /alambic/media/1051057447/59/4a/594a675d5b4b5a8f2212d091b2f7541b53a0428692b59fc80f23706f523ba98e?actor_id=233961579&key_id=0&repo_id=1175216150 HTTP/1.1
> Host: github-cloud.s3.amazonaws.com
> Authorization: AWS4-HMAC-SHA256 Credential=AKIA5BA2674WPWWEFGQ5/20260309/us-east-1/s3/aws4_request,SignedHeaders=host;x-amz-content-sha256;x-amz-date,Signature=2c95d3aefcbe830fa27cd95c5c5be40f56dba9d70d312e09fdcb322dbba66dba
> Content-Length: 316526467
> Content-Type: application/pdf
> User-Agent: git-lfs/3.4.1 (GitHub; linux amd64; go 1.22.2)
> X-Amz-Content-Sha256: 594a675d5b4b5a8f2212d091b2f7541b53a0428692b59fc80f23706f523ba98e
> X-Amz-Date: 20260309T075321Z
> 
15:53:21.984278 trace git-lfs: xfer: adapter "basic" worker 4 auth signal received
15:53:21.984300 trace git-lfs: xfer: adapter "basic" worker 4 processing job for "aba541741eb0148bb5c714767fff51461dcf5c7467a797a274190417a0119605"
15:53:21.984289 trace git-lfs: xfer: adapter "basic" worker 5 auth signal received
15:53:21.984285 trace git-lfs: xfer: adapter "basic" worker 2 auth signal received
15:53:21.984286 trace git-lfs: xfer: adapter "basic" worker 6 auth signal received
15:53:21.984283 trace git-lfs: xfer: adapter "basic" worker 3 auth signal received
15:53:21.984280 trace git-lfs: xfer: adapter "basic" worker 7 auth signal received
15:53:21.984283 trace git-lfs: xfer: adapter "basic" worker 1 auth signal received
15:53:21.984619 trace git-lfs: HTTP: PUT https://github-cloud.s3.amazonaws.com/alambic/media/1051057447/ab/a5/aba541741eb0148bb5c714767fff51461dcf5c7467a797a274190417a0119605
> PUT /alambic/media/1051057447/ab/a5/aba541741eb0148bb5c714767fff51461dcf5c7467a797a274190417a0119605?actor_id=233961579&key_id=0&repo_id=1175216150 HTTP/1.1
> Host: github-cloud.s3.amazonaws.com
> Authorization: AWS4-HMAC-SHA256 Credential=AKIA5BA2674WPWWEFGQ5/20260309/us-east-1/s3/aws4_request,SignedHeaders=host;x-amz-content-sha256;x-amz-date,Signature=4d9aa071030aaa22fabafc49d978494691c9dc4c369b5258f582d49143078b82
> Content-Length: 71446462
> Content-Type: application/pdf
> User-Agent: git-lfs/3.4.1 (GitHub; linux amd64; go 1.22.2)
> X-Amz-Content-Sha256: aba541741eb0148bb5c714767fff51461dcf5c7467a797a274190417a0119605
> X-Amz-Date: 20260309T075321Z
> 
15:55:34.998321 trace git-lfs: HTTP: 200

< HTTP/1.1 200 OK
< Content-Length: 0
< Date: Mon, 09 Mar 2026 07:53:49 GMT
< Etag: "540fd39a508c41f9e66247056b4ce55a"
< Server: AmazonS3
< X-Amz-Checksum-Crc64nvme: rkxWmCCgM6U=
< X-Amz-Checksum-Type: FULL_OBJECT
< X-Amz-Id-2: rp2Cn+A8t/wbNCr5X9kChQwkydmQbgA2rEU93uspL8zd9yjucMxEY4Qtq3XawDPksTbKcmjh4Q8=
< X-Amz-Request-Id: Q7W7NHBQYWVH1FHE
< X-Amz-Server-Side-Encryption: AES256
< X-Amz-Version-Id: 6lGyeIJI9G3nTFNxwS8Zdr0Ah9_2M3ip
< 
15:55:34.998396 trace git-lfs: tq: verify aba5417 attempt #1 (max: 3)
15:55:34.998479 trace git-lfs: HTTP: POST https://lfs.github.com/hujinda-art/Riscv-project/objects/aba541741eb0148bb5c714767fff51461dcf5c7467a797a274190417a0119605/verify
> POST /hujinda-art/Riscv-project/objects/aba541741eb0148bb5c714767fff51461dcf5c7467a797a274190417a0119605/verify HTTP/1.1
> Host: lfs.github.com
> Accept: application/vnd.git-lfs+json
> Authorization: RemoteAuth gitauth-v1-hLCxwBakIVAtepbtUzXZZX1tQzxciODIM5J4Zovrmf7MMP2oApLOaa_N8YKmbWVtYmVyunVzZXI6MjMzOTYxNTc5Omh1amluZGEtYXJ0pXByb3Rvo3NzaA
> Content-Length: 90
> Content-Type: application/vnd.git-lfs+json
> User-Agent: git-lfs/3.4.1 (GitHub; linux amd64; go 1.22.2)
> 
{"oid":"aba541741eb0148bb5c714767fff51461dcf5c7467a797a274190417a0119605","size":71446462}15:55:36.954347 trace git-lfs: HTTP: 200

< HTTP/2.0 200 OK
< Content-Length: 0
< Date: Mon, 09 Mar 2026 07:55:35 GMT
< X-Github-Request-Id: 25FD:0BEB:20F94D0:25EF8F7:69AE7CF7
< 
15:55:36.954849 trace git-lfs: xfer: adapter "basic" worker 4 finished job for "aba541741eb0148bb5c714767fff51461dcf5c7467a797a274190417a0119605"
15:58:47.981701 trace git-lfs: HTTP: 200

< HTTP/1.1 200 OK
< Connection: close
< Content-Length: 0
< Date: Mon, 09 Mar 2026 07:53:32 GMT
< Etag: "8182466d260a7c9bb25678004be7323c"
< Server: AmazonS3
< X-Amz-Checksum-Crc64nvme: wl2wFTU8PNc=
< X-Amz-Checksum-Type: FULL_OBJECT
< X-Amz-Id-2: Tm9FPbU5itj9btRh8cQ1cHnBnHKcGKapFEAFS7n2ZWjXWa3C97uyw8F5h45jp4Fm6hGLGo8/vY0=
< X-Amz-Request-Id: 0AXE8N50EZ0N7QPZ
< X-Amz-Server-Side-Encryption: AES256
< X-Amz-Version-Id: cdOrh0wRq.9Xc.XnRZI0t__mGtXwSqaM
< 
15:58:47.981785 trace git-lfs: tq: verify 594a675 attempt #1 (max: 3)
15:58:47.981852 trace git-lfs: HTTP: POST https://lfs.github.com/hujinda-art/Riscv-project/objects/594a675d5b4b5a8f2212d091b2f7541b53a0428692b59fc80f23706f523ba98e/verify
> POST /hujinda-art/Riscv-project/objects/594a675d5b4b5a8f2212d091b2f7541b53a0428692b59fc80f23706f523ba98e/verify HTTP/1.1
> Host: lfs.github.com
> Accept: application/vnd.git-lfs+json
> Authorization: RemoteAuth gitauth-v1-hLCxwBZdi_f3jrko333sd9kmV-mRZA-3hj7t3E3m2PDF_6DXPpLOaa_N8YKmbWVtYmVyunVzZXI6MjMzOTYxNTc5Omh1amluZGEtYXJ0pXByb3Rvo3NzaA
> Content-Length: 91
> Content-Type: application/vnd.git-lfs+json
> User-Agent: git-lfs/3.4.1 (GitHub; linux amd64; go 1.22.2)
> 
{"oid":"594a675d5b4b5a8f2212d091b2f7541b53a0428692b59fc80f23706f523ba98e","size":316526467}15:58:51.357357 trace git-lfs: HTTP: 200

< HTTP/2.0 200 OK
< Content-Length: 0
< Date: Mon, 09 Mar 2026 07:58:51 GMT
< X-Github-Request-Id: F578:19B474:264B7F6:2BFBB49:69AE7DBA
< 
15:58:51.357436 trace git-lfs: xfer: adapter "basic" worker 0 finished job for "594a675d5b4b5a8f2212d091b2f7541b53a0428692b59fc80f23706f523ba98e"
15:58:51.357465 trace git-lfs: xfer: adapter "basic" End()
15:58:51.357476 trace git-lfs: xfer: adapter "basic" worker 5 stopping
15:58:51.357478 trace git-lfs: xfer: adapter "basic" worker 0 stopping
15:58:51.357479 trace git-lfs: xfer: adapter "basic" worker 4 stopping
15:58:51.357480 trace git-lfs: xfer: adapter "basic" worker 1 stopping
15:58:51.357481 trace git-lfs: xfer: adapter "basic" worker 7 stopping
15:58:51.357482 trace git-lfs: xfer: adapter "basic" worker 3 stopping
15:58:51.357483 trace git-lfs: xfer: adapter "basic" worker 6 stopping
15:58:51.357484 trace git-lfs: xfer: adapter "basic" worker 2 stopping
15:58:51.357485 trace git-lfs: xfer: adapter "basic" stopped
15:58:51.357532 trace git-lfs: filepathfilter: creating pattern ".git" of type gitignore
15:58:51.357547 trace git-lfs: filepathfilter: creating pattern "**/.git" of type gitignore
15:58:51.357565 trace git-lfs: filepathfilter: accepting "tmp"
Uploading LFS objects: 100% (2/2), 388 MB | 1.2 MB/s, done.
15:58:51.358897 run-command.c:659       trace: run_command: git pack-objects --all-progress-implied --revs --stdout --thin --delta-base-offset -q
15:58:51.359731 git.c:463               trace: built-in: git pack-objects --all-progress-implied --revs --stdout --thin --delta-base-offset -q
remote: warning: File books/RISC-V体系结构编程与实践 .PDF is 88.67 MB; this is larger than GitHub's recommended maximum file size of 50.00 MB        
remote: warning: File books/手把手教你设计CPU——RISC-V处理器篇.pdf is 68.14 MB; this is larger than GitHub's recommended maximum file size of 50.00 MB        
remote: error: Trace: da33cc4680c0282750dd2fe10f2b7744c07e4f485ebc6ecb30996622cb35dcd5        
remote: error: See https://gh.io/lfs for more information.        
remote: error: File books/自己动手写CPU.pdf is 301.86 MB; this exceeds GitHub's file size limit of 100.00 MB        
remote: error: GH001: Large files detected. You may want to try Git Large File Storage - https://git-lfs.github.com.        
To github.com:hujinda-art/Riscv-project.git
 ! [remote rejected] docs -> docs (pre-receive hook declined)
error: failed to push some refs to 'github.com:hujinda-art/Riscv-project.git'
